--- Job main.gms Start 12/17/25 15:11:23 50.1.0 12b75dde WEX-WEI x86 64bit/MS Windows
--- Applying:
    C:\GAMS\50\gmsprmNT.txt
    C:\Users\wb590499\OneDrive - WBG\Documents\GAMS\gamsconfig.yaml
--- GAMS Parameters defined
    Input C:\Users\wb590499\Documents\Projects\EPM\epm\main.gms
    ScrDir C:\Users\wb590499\Documents\Projects\EPM\epm\output\simulations_run_20251217_151118\baseline\225a\
    SysDir C:\GAMS\50\
    LogOption 4
    LogFile C:\Users\wb590499\Documents\Projects\EPM\epm\output\simulations_run_20251217_151118\baseline\baseline_main.log
    AppendLog 1
    --BASE_FILE C:\Users\wb590499\Documents\Projects\EPM\epm\base.gms
    --REPORT_FILE C:\Users\wb590499\Documents\Projects\EPM\epm\generate_report.gms
    --READER_FILE C:\Users\wb590499\Documents\Projects\EPM\epm\input_readers.gms
    --DEMAND_FILE C:\Users\wb590499\Documents\Projects\EPM\epm\generate_demand.gms
    --HYDROGEN_FILE C:\Users\wb590499\Documents\Projects\EPM\epm\hydrogen_module.gms
    --FOLDER_INPUT C:\Users\wb590499\Documents\Projects\EPM\epm\input\data_sapp
    --pSettings C:\Users\wb590499\Documents\Projects\EPM\epm\input\data_sapp\pSettings.csv
    --y C:\Users\wb590499\Documents\Projects\EPM\epm\input\data_sapp\y.csv
    --zcmap C:\Users\wb590499\Documents\Projects\EPM\epm\input\data_sapp\zcmap.csv
    --pHours C:\Users\wb590499\Documents\Projects\EPM\epm\input\data_sapp\pHours.csv
    --ftfindex C:\Users\wb590499\Documents\Projects\EPM\epm\input\data_sapp\resources/ftfindex.csv
    --pFuelCarbonContent C:\Users\wb590499\Documents\Projects\EPM\epm\input\data_sapp\resources/pFuelCarbonContent.csv
    --pTechData C:\Users\wb590499\Documents\Projects\EPM\epm\input\data_sapp\resources/pTechData.csv
    --pDemandData C:\Users\wb590499\Documents\Projects\EPM\epm\input\data_sapp\load/pDemandData.csv
    --pDemandForecast C:\Users\wb590499\Documents\Projects\EPM\epm\input\data_sapp\load/pDemandForecast.csv
    --pDemandProfile C:\Users\wb590499\Documents\Projects\EPM\epm\input\data_sapp\load/pDemandProfile.csv
    --sRelevant C:\Users\wb590499\Documents\Projects\EPM\epm\input\data_sapp\load/srelevant.csv
    --pEnergyEfficiencyFactor C:\Users\wb590499\Documents\Projects\EPM\epm\input\data_sapp\load/pEnergyEfficiencyFactor.csv
    --pGenDataInput C:\Users\wb590499\Documents\Projects\EPM\epm\input\data_sapp\supply/pGenDataExcelCustom.csv
    --pGenDataInputDefault C:\Users\wb590499\Documents\Projects\EPM\epm\input\data_sapp\supply/pGenDataExcelDefaultRampHydro.csv
    --pAvailability C:\Users\wb590499\Documents\Projects\EPM\epm\input\data_sapp\supply/pAvailabilityCustom.csv
    --pAvailabilityDefault C:\Users\wb590499\Documents\Projects\EPM\epm\input\data_sapp\supply/pAvailabilityDefault.csv
    --pEvolutionAvailability C:\Users\wb590499\Documents\Projects\EPM\epm\input\data_sapp\supply/pEvolutionAvailability.csv
    --pCapexTrajectories C:\Users\wb590499\Documents\Projects\EPM\epm\input\data_sapp\supply/pCapexTrajectoriesCustom.csv
    --pCapexTrajectoriesDefault C:\Users\wb590499\Documents\Projects\EPM\epm\input\data_sapp\supply/pCapexTrajectoriesDefaultCCDR.csv
    --pCSPData C:\Users\wb590499\Documents\Projects\EPM\epm\input\data_sapp\supply/pCSPData.csv
    --pFuelPrice C:\Users\wb590499\Documents\Projects\EPM\epm\input\data_sapp\supply/pFuelPrice.csv
    --pVREgenProfile C:\Users\wb590499\Documents\Projects\EPM\epm\input\data_sapp\supply/pVREgenProfileROR.csv
    --pVREProfile C:\Users\wb590499\Documents\Projects\EPM\epm\input\data_sapp\supply/pVREProfile.csv
    --pStorageDataInput C:\Users\wb590499\Documents\Projects\EPM\epm\input\data_sapp\supply/pStorDataExcel.csv
    --pPlanningReserveMargin C:\Users\wb590499\Documents\Projects\EPM\epm\input\data_sapp\reserve/pPlanningReserveMargin.csv
    --pSpinningReserveReqCountry C:\Users\wb590499\Documents\Projects\EPM\epm\input\data_sapp\reserve/pSpinningReserveReqCountry.csv
    --pSpinningReserveReqSystem C:\Users\wb590499\Documents\Projects\EPM\epm\input\data_sapp\reserve/pSpinningReserveReqSystem.csv
    --pEmissionsTotal C:\Users\wb590499\Documents\Projects\EPM\epm\input\data_sapp\constraint/pEmissionsTotal.csv
    --pEmissionsCountry C:\Users\wb590499\Documents\Projects\EPM\epm\input\data_sapp\constraint/pEmissionsCountry.csv
    --pMaxFuellimit C:\Users\wb590499\Documents\Projects\EPM\epm\input\data_sapp\constraint/pMaxFuellimit.csv
    --pCarbonPrice C:\Users\wb590499\Documents\Projects\EPM\epm\input\data_sapp\constraint/pCarbonPrice.csv
    --zext C:\Users\wb590499\Documents\Projects\EPM\epm\input\data_sapp\trade/zext.csv
    --pExtTransferLimit C:\Users\wb590499\Documents\Projects\EPM\epm\input\data_sapp\trade/pExtTransferLimit.csv
    --pLossFactorInternal C:\Users\wb590499\Documents\Projects\EPM\epm\input\data_sapp\trade/pLossFactor.csv
    --pMaxPriceImportShare C:\Users\wb590499\Documents\Projects\EPM\epm\input\data_sapp\trade/pMaxPriceImportShare.csv
    --pMaxAnnualExternalTradeShare C:\Users\wb590499\Documents\Projects\EPM\epm\input\data_sapp\trade/pMaxExchangeShare.csv
    --pMinImport C:\Users\wb590499\Documents\Projects\EPM\epm\input\data_sapp\trade/pMinImport.csv
    --pNewTransmission C:\Users\wb590499\Documents\Projects\EPM\epm\input\data_sapp\trade/pNewTransmission.csv
    --pTradePrice C:\Users\wb590499\Documents\Projects\EPM\epm\input\data_sapp\trade/pTradePrice.csv
    --pTransferLimit C:\Users\wb590499\Documents\Projects\EPM\epm\input\data_sapp\trade/pTransferLimit.csv
    --pH2DataExcel C:\Users\wb590499\Documents\Projects\EPM\epm\input\data_sapp\h2/pH2DataExcel.csv
    --pAvailabilityH2 C:\Users\wb590499\Documents\Projects\EPM\epm\input\data_sapp\h2/pAvailabilityH2.csv
    --pCapexTrajectoryH2 C:\Users\wb590499\Documents\Projects\EPM\epm\input\data_sapp\h2/pCapexTrajectoryH2.csv
    --pExternalH2 C:\Users\wb590499\Documents\Projects\EPM\epm\input\data_sapp\h2/pExternalH2.csv
    --pFuelDataH2 C:\Users\wb590499\Documents\Projects\EPM\epm\input\data_sapp\h2/pFuelDataH2.csv
    --solvemode 2
    --trace 0
    --reportshort 0
    --modeltype rmip
Licensee: Medium MUD - 10 User License                   G251002+0003Cc-GEN
          The World Bank, Energy Sector Management Assistance PrograDC12370
          C:\Users\wb590499\OneDrive - WBG\Documents\GAMS\gamslice.txt
          v:2                                                              
          The maintenance period of the license will expire on Dec 31, 2025
System information: 12 physical cores and 32 Gb physical memory detected
GAMS 50.1.0   Copyright (C) 1987-2025 GAMS Development. All rights reserved
--- Starting compilation
FOLDER_INPUT is "C:\Users\wb590499\Documents\Projects\EPM\epm\input\data_sapp"
LOG: Solving with MODELTYPE = "rmip"
CPLEXFILE is "C:\Users\wb590499\Documents\Projects\EPM\epm\input\data_sapp/cplex/cplex_baseline.opt"
--- main.gms(66) 2 Mb
--- call rm -f cplex.opt
--- main.gms(67) 2 Mb
--- call cp "C:\Users\wb590499\Documents\Projects\EPM\epm\input\data_sapp/cplex/cplex_baseline.opt" cplex.opt
BASE_FILE is "C:\Users\wb590499\Documents\Projects\EPM\epm\base.gms"
REPORT_FILE is "C:\Users\wb590499\Documents\Projects\EPM\epm\generate_report.gms"
READER_FILE is "C:\Users\wb590499\Documents\Projects\EPM\epm\input_readers.gms"
DEMAND_FILE is "C:\Users\wb590499\Documents\Projects\EPM\epm\generate_demand.gms"
HYDROGEN_FILE is "C:\Users\wb590499\Documents\Projects\EPM\epm\hydrogen_module.gms"
--- main.gms(246) 4 Mb
### reading using Connect and CSV Input with Python
--- . input_readers.gms(637) 4 Mb
--- Initialize embedded library embconnectcclib64.dll
--- Execute embedded library embconnectcclib64.dll

--- main.gms(249) 4 Mb
--- GDXin=C:\Users\wb590499\Documents\Projects\EPM\epm\output\simulations_run_20251217_151118\baseline\input.gdx
--- GDX File ($gdxIn) C:\Users\wb590499\Documents\Projects\EPM\epm\output\simulations_run_20251217_151118\baseline\input.gdx
##########################
### INPUT VERIFICATION ###
##########################
--- main.gms(302) 5 Mb
--- Initialize embedded library embpycclib64.dll
--- Execute embedded library embpycclib64.dll
Success: All values pHours positive.
Success: The sum of pHours is exactly 8760.
Success: All pVREProfile values are valid.
Success: All pAvailability values are valid.
Success: All dataframes have the same (q, d, t) combinations.
Success: All (z, z2) pairs in 'pTransferLimit' have their corresponding (z2, z) pairs.
Success: All (z,z2) pairs contain all required seasons.
Success: Each candidate transmission line is only specified once in pNewTransmission.
Success: Zones in pNewTransmission match the zones defined in zcmap.
Success: All transmission lines have a lossfactor specified.
Success: No problem in duplicate values in pLossFactorInternal.
Success: All countries c have planning reserve defined.
Info: The following fuels are defined in ftfindex but not in gendata.
{'Import', 'LFO'}
 This may be because of spelling issues, and may cause problems after.
Success: Fuels are well-defined everywhere.
Fuels used: ['Battery', 'Biomass', 'CSP', 'Coal', 'Diesel', 'Gas', 'Geothermal', 'HFO', 'LNG', 'Solar', 'Uranium', 'Water', 'Wind']
Info: The following technologies are defined in pTechData but not used in gendata.
{'STOPV', 'BiomassPlant', 'ImportTransmission', 'pvwsto'}
 This may indicate spelling differences or unused technologies.
Success: Technologies are well-defined everywhere.
Technologies used: ['CCGT', 'CSPPlant', 'ICE', 'OCGT', 'OffshoreWind', 'OnshoreWind', 'PV', 'ROR', 'ReservoirHydro', 'ST', 'Storage']
Success: No conflict between internal and external zones, as external zones are not included in the model.
Warning: exchanges with external zones are allowed, but imports and exports capacities are not specified.
Success: All storage generators are are well-defined in pStorageDataInput.
Warning: The following zones are declared in pGenDataInput but are not specified in pGenDataInputDefault for fuel Geothermal: {'Mozambique', 'Botswana', 'Lesotho', 'Zambia', 'DRC_South', 'Zimbabwe', 'Namibia', 'South_Africa', 'Eswatini', 'DRC', 'Malawi', 'Angola'}.
Warning: pGenDataInputDefault lacks entries for the following (zone, tech, fuel) combinations present in pGenDataInput (showing 10 of 23): [('Angola', 'CSPPlant', 'CSP'), ('Angola', 'ICE', 'Diesel'), ('Angola', 'OffshoreWind', 'Wind'), ('Botswana', 'CSPPlant', 'CSP'), ('Botswana', 'OCGT', 'HFO'), ('Eswatini', 'CSPPlant', 'CSP'), ('Lesotho', 'CSPPlant', 'CSP'), ('Lesotho', 'Storage', 'Water'), ('Malawi', 'ICE', 'Diesel'), ('Malawi', 'ST', 'Geothermal')]. No errors will be raised, but this may create unexpected results.
########################
### INPUT TREATMENT ####
########################
--- main.gms(328) 5 Mb
--- Initialize embedded library embpycclib64.dll
--- Execute embedded library embpycclib64.dll
[input_treatment][hydro_avail] Reservoir hydro warning: 6 generator(s) lack entries in pAvailability. 
  Missing reservoir capacity-factor rows by zone:
    z Angola: []
    z Botswana: []
    z DRC: []
    z DRC_South: ['Kilubi_HY_DRCSouth', 'Koni_HY_DRCSouth', 'Mwadingusha_HY_DRCSouth']
    z Eswatini: []
    z Lesotho: []
    z Malawi: []
    z Mozal: []
    z Mozambique: []
    z Namibia: []
    z South_Africa: []
    z Tanzania: ['SmallHydro_2025', 'SmallHydro_2026', 'SmallHydro_2027']
    z Zambia: []
    z Zimbabwe: []
[input_treatment][ror_profile] ROR availability warning: 19 generator(s) lack hourly profiles in pVREgenProfile. Update the hydro notebook at `pre-analysis/prepare-data/hydro_availability.ipynb`.
  Missing ROR hourly profiles by zone:
    z Angola: []
    z Botswana: []
    z DRC: []
    z DRC_South: []
    z Eswatini: []
    z Lesotho: []
    z Malawi: []
    z Mozal: []
    z Mozambique: []
    z Namibia: []
    z South_Africa: []
    z Tanzania: ['Hale', 'Hydro_TZA_Candidate', 'Iringa_Ibosa', 'Iringa_Nginayo', 'Kakono', 'Kidunda', 'Kihansi', 'Malagarasi', 'Masigira', 'Mnyera_Kisingo', 'Mnyera_Kwanini', 'Mnyera_Mnyera', 'Mnyera_Pumbwe', 'Mnyera_Taveta', 'New_Pangani_Falls', 'Rusumo_HY_TZA', 'SmallHydro_TZA', 'Upper_Kihansi']
    z Zambia: []
    z Zimbabwe: ['Gairezi_HY_ZWE']
[input_treatment][defaults] Modifying pGenDataInput with pGenDataInputDefault
[input_treatment][defaults] Missing ['OverLoadFactor', 'ReserveCost']
[input_treatment] write_back(pGenDataInput): clearing + writing 5679 row(s) into GamsDatabase.
[input_treatment] pGenDataInput: wrote 5679 row(s) into GamsDatabase; live db now has 5679 row(s).
Expanding pAvailabilityInput to pAvailability with year dimension
[input_treatment] write_back(pAvailability): clearing + writing 7172 row(s) into GamsDatabase.
[input_treatment] pAvailability: wrote 7172 row(s) into GamsDatabase; live db now has 7172 row(s).
Adding generator reference to pAvailabilityDefault
Modifying pAvailability with default values
[input_treatment] write_back(pAvailability): clearing + writing 19976 row(s) into GamsDatabase.
[input_treatment] pAvailability: wrote 19976 row(s) into GamsDatabase; live db now has 19976 row(s).
pEvolutionAvailability is empty. Skipping availability evolution.
Adding generator reference to pCapexTrajectoriesDefault
Modifying pCapexTrajectories with default values
[input_treatment] write_back(pCapexTrajectories): clearing + writing 4994 row(s) into GamsDatabase.
[input_treatment] pCapexTrajectories: wrote 4994 row(s) into GamsDatabase; live db now has 4994 row(s).
--- main.gms(345) 6 Mb
--- . base.gms(1282) 6 Mb
--- main.gms(347) 6 Mb
--- . hydrogen_module.gms(255) 6 Mb
--- main.gms(411) 6 Mb
--- . generate_demand.gms(81) 6 Mb
LOG: Solving in SOLVEMODE = "2"
LOG: REPORTSHORT = "0"
--- main.gms(925) 6 Mb
--- . generate_report.gms(1470) 6 Mb
--- main.gms(925) 7 Mb
--- Starting execution: elapsed 0:00:03.211
--- main.gms(2638) 10 Mb
--- Generating NLP model demand
--- main.gms(2646) 45 Mb
---   59,291 rows  59,291 columns  235,170 non-zeroes
---   462,088 nl-code  57,761 nl-non-zeroes
--- Range statistics (absolute non-zero finite values)
--- RHS       [min, max] : [ 1.027E+04, 8.087E+06] - Zero values observed as well
--- Bound     [min, max] : [ 3.840E+02, 3.840E+02]
--- Matrix    [min, max] : [ 7.020E-03, 1.798E+02]
--- main.gms(2646) 42 Mb
--- Executing CONOPT4 (Solvelink=2): elapsed 0:00:04.390

CONOPT 4         50.1.0 12b75dde Jun 18, 2025          WEI x86 64bit/MS Window

 
 
    C O N O P T   version 4.37
    Copyright (C) GAMS Software GmbH
                  GAMS Development Corporation
 
 
    The user model has 59291 constraints and 59291 variables
    with 235170 Jacobian elements, 57761 of which are nonlinear.
 
    Iter Phase   Ninf   Infeasibility   RGmax      NSB   Step  InItr MX OK
       0   0          5.0637137266E+08 (Input point)
 
    The pre-triangular part of the model has 1375 constraints and variables.
    The post-triangular part of the model has 1 constraints and variables.
 
    Preprocessed model has 57915 constraints and 57915 variables
    with 173283 Jacobian elements, 57761 of which are nonlinear.
 
    Iter Phase   Ninf   Infeasibility   RGmax      NSB   Step  InItr MX OK
                      5.0637137266E+08 (Full preprocessed model)
                      8.4532380059E+04 (After scaling)
       1   0          4.0575217644E+04                 1.0E+00     0 T  T
       2  S0          3.8999381155E+04                 1.0E+00     0 T  T
       3  S0          3.6247035392E+04                 1.0E+00     0 T  T
       4  S0          3.1231144717E+04                 1.0E+00     0 T  T
       5  S0          2.2432857276E+04                 1.0E+00     0 T  T
       6  S0          1.1943151125E+04                 1.0E+00     0 T  T
       7  S0          3.5484599558E+03                 1.0E+00     0 T  T
       8  S0          3.6334430120E+02                 1.0E+00     0 T  T
 
    Iter Phase   Ninf   Infeasibility   RGmax      NSB   Step  InItr MX OK
       9   0          7.1841050754E+01                 1.0E+00     0 T  T
      10  S0          3.5895029189E-01                 1.0E+00     0 T  T
      11   0          4.1125954604E-03                 1.0E+00     0 T  T
      12   0          5.1347243020E-05                 1.0E+00     0 T  T
      13   0          6.6804422776E-07                 1.0E+00     0 T  T
 
 ** Feasible solution. Value of objective =    2788843.93302
 
    Iter Phase   Ninf     Objective     RGmax      NSB   Step  InItr MX OK
      14   4          2.7888439330E+06 0.0E+00       0
 
 ** Optimal solution. There are no superbasic variables.
 
--- Reading solution for model demand
--- Executing after solve: elapsed 0:00:05.590
--- main.gms(3100) 1641 Mb
--- Generating RMIP model PA
--- main.gms(3114) 4007 Mb
---   5,989,202 rows  5,338,425 columns  21,917,702 non-zeroes
---   506 discrete-columns
--- Range statistics (absolute non-zero finite values)
--- RHS       [min, max] : [ 2.000E-03, 2.302E+09] - Zero values observed as well
--- Bound     [min, max] : [ 2.000E+00, 4.000E+04] - Zero values observed as well
--- Matrix    [min, max] : [ 1.000E-03, 6.333E+07] - Zero values observed as well
--- Executing CPLEX (Solvelink=2): elapsed 0:00:35.574

IBM ILOG CPLEX   50.1.0 12b75dde Jun 18, 2025          WEI x86 64bit/MS Window

--- GAMS/CPLEX licensed for continuous and discrete problems.

*** Error Cannot open parameter file "C:\Users\wb590499\Documents\Projects\EPM\epm\output\simulations_run_20251217_151118\baseline\cplex.opt"
*** Error Error code = 2; No such file or directory

--- GMO setup time: 0.00s
--- Space for names approximately 622.66 Mb
--- Use option 'names no' to turn use of names off
--- GMO memory 2297.36 Mb (peak 2338.09 Mb)
--- Dictionary memory 0.00 Mb
--- Cplex 22.1.2.0 link memory 170.36 Mb (peak 1151.39 Mb)
--- Starting Cplex

Version identifier: 22.1.2.0 | 2024-11-25 | 0edbb82fd
CPXPARAM_Advance                                 0
CPXPARAM_Threads                                 1
CPXPARAM_MIP_Display                             4
CPXPARAM_MIP_Pool_Capacity                       0
CPXPARAM_TimeLimit                               300000
CPXPARAM_MIP_Tolerances_AbsMIPGap                0
CPXPARAM_MIP_Tolerances_MIPGap                   0.050000000000000003
Tried aggregator 1 time.
LP Presolve eliminated 4115154 rows and 2837671 columns.
Aggregator did 61805 substitutions.
Reduced LP has 1812242 rows, 2438949 columns, and 7514322 nonzeros.
Presolve time = 10.17 sec. (6990.62 ticks)
Initializing dual steep norms . . .

Iteration log . . .
Iteration:     1   Dual objective     =   25210418670.225368
Iteration:  6273   Dual objective     =   41422382292.619072
Iteration: 10040   Dual objective     =   46891903600.111832
Iteration: 13612   Dual objective     =   50194587065.565933
Elapsed time = 12.70 sec. (10124.80 ticks, 17202 iterations)
Iteration: 17202   Dual objective     =   53483299513.178917
Iteration: 20340   Dual objective     =   55595198797.897003
Iteration: 24050   Dual objective     =   57701685271.928932
Iteration: 30019   Dual objective     =   59100412465.689156
Iteration: 34322   Dual objective     =   60539195766.273514
Iteration: 39181   Dual objective     =   61911861828.970871
Perturbation started.
Iteration: 39996   Dual objective     =   61940321557.034309
Removing perturbation.

--- LP status (13): user aborted.
--- Cplex Time: 19.33sec (det. 17713.68 ticks)


Solution aborted due to user request

--- Reading solution for model PA
--- Executing after solve: elapsed 0:01:11.878
--- main.gms(3116) 4007 Mb
*** Error at line 3114: Execution halted: Triggered by pending CtrlC event
--- main.gms(3116) 4007 Mb 1 Error
*** Status: Execution error(s)
--- Job main.gms Stop 12/17/25 15:12:35 elapsed 0:01:11.972
