2025-12-18 21:53:34,089 - INFO - Starting EPM workflow
2025-12-18 21:53:34,093 - INFO - Config file: config.csv
2025-12-18 21:53:34,093 - INFO - Folder input: data_test
2025-12-18 21:53:34,093 - INFO - modeltype: None
2025-12-18 21:53:34,093 - INFO - Scenarios file: None
2025-12-18 21:53:34,093 - INFO - Sensitivity: False
2025-12-18 21:53:34,093 - INFO - MonteCarlo: False
2025-12-18 21:53:34,093 - INFO - MonteCarlo samples: 10
2025-12-18 21:53:34,093 - INFO - Monte Carlo uncertainties file: None
2025-12-18 21:53:34,093 - INFO - Reduced output: False
2025-12-18 21:53:34,093 - INFO - Reduced definition csv: False
2025-12-18 21:53:34,093 - INFO - Selected scenarios: None
2025-12-18 21:53:34,093 - INFO - Simple: None
2025-12-18 21:53:34,093 - INFO - Simulation label: None
2025-12-18 21:53:34,093 - INFO - Debug flag: False
2025-12-18 21:53:34,093 - INFO - Project folder: output\results
2025-12-18 21:53:34,101 - INFO - EPM does not run again but use the existing simulation within the folder
2025-12-18 21:53:34,101 - INFO - Find folder C:\Users\wb590499\Documents\Projects\EPM\epm\output\results for postprocessing.
2025-12-18 21:53:34,101 - INFO - Starting postprocessing for folder: output\results
2025-12-18 21:53:34,101 - INFO - Postprocessing started for output\results
2025-12-18 21:53:34,101 - INFO - Processing simulation results from output\results
2025-12-18 21:53:37,122 - WARNING - pInterchangeExternalExports not in epm_results.keys().
2025-12-18 21:53:37,126 - WARNING - pInterchangeExternalImports not in epm_results.keys().
2025-12-18 21:53:39,224 - INFO - Loaded 53 processed result tables
2025-12-18 21:53:39,239 - INFO - Generating summary...
2025-12-18 21:53:39,257 - WARNING - No pInterchangeExternalExports in epm_results
2025-12-18 21:53:39,257 - WARNING - No pInterchangeExternalImports in epm_results
2025-12-18 21:53:39,374 - INFO - Generating detailed summary by Power Plant...
2025-12-18 21:53:39,437 - INFO - Generating heatmap summary...
2025-12-18 21:53:39,451 - INFO - Creating folders for figures...
2025-12-18 21:53:39,454 - INFO - Generating capacity figures...
2025-12-18 21:53:39,454 - INFO - Generating cost figures...
2025-12-18 21:53:39,482 - INFO - Generating energy figures...
2025-12-18 21:53:39,489 - INFO - Generating energy dispatch figures...
2025-12-18 21:53:39,489 - INFO - Generating interconnection figures...
2025-12-18 21:53:39,489 - INFO - Generating interactive map figures...
2025-12-18 21:53:39,489 - INFO - Generating map for scenario baseline
2025-12-18 21:53:50,945 - INFO - Postprocessing completed for folder: output\results
