2025-12-17 17:58:55,977 - INFO - Starting EPM workflow
2025-12-17 17:58:55,993 - INFO - Config file: config.csv
2025-12-17 17:58:55,993 - INFO - Folder input: data_sapp
2025-12-17 17:58:55,993 - INFO - modeltype: None
2025-12-17 17:58:55,993 - INFO - Scenarios file: None
2025-12-17 17:58:55,993 - INFO - Sensitivity: False
2025-12-17 17:58:55,993 - INFO - MonteCarlo: False
2025-12-17 17:58:55,993 - INFO - MonteCarlo samples: 10
2025-12-17 17:58:55,993 - INFO - Monte Carlo uncertainties file: None
2025-12-17 17:58:55,993 - INFO - Reduced output: False
2025-12-17 17:58:55,993 - INFO - Reduced definition csv: False
2025-12-17 17:58:55,993 - INFO - Selected scenarios: None
2025-12-17 17:58:55,993 - INFO - Simple: None
2025-12-17 17:58:55,993 - INFO - Simulation label: None
2025-12-17 17:58:55,993 - INFO - Debug flag: False
2025-12-17 17:58:55,993 - INFO - Project folder: output/simulations_run_20251216_150832
2025-12-17 17:58:55,993 - INFO - EPM does not run again but use the existing simulation within the folder
2025-12-17 17:58:55,993 - INFO - Find folder C:\Users\wb590499\Documents\Projects\EPM\epm\output\simulations_run_20251216_150832 for postprocessing.
2025-12-17 17:58:55,993 - INFO - Starting postprocessing for folder: output/simulations_run_20251216_150832
2025-12-17 17:58:55,993 - INFO - Postprocessing started for output/simulations_run_20251216_150832
2025-12-17 17:58:55,993 - INFO - Processing simulation results from output/simulations_run_20251216_150832
2025-12-17 17:58:58,256 - WARNING - pInterchangeExternalImports not in epm_results.keys().
2025-12-17 17:58:58,256 - WARNING - pInterchangeExternalExports not in epm_results.keys().
2025-12-17 17:58:59,800 - INFO - Loaded 53 processed result tables
2025-12-17 17:58:59,812 - INFO - Generating summary...
2025-12-17 17:58:59,826 - WARNING - No pInterchangeExternalExports in epm_results
2025-12-17 17:58:59,826 - WARNING - No pInterchangeExternalImports in epm_results
2025-12-17 17:58:59,958 - INFO - Generating detailed summary by Power Plant...
2025-12-17 17:59:00,043 - INFO - Generating heatmap summary...
2025-12-17 17:59:01,383 - INFO - Creating folders for figures...
2025-12-17 17:59:01,383 - INFO - Generating capacity figures...
2025-12-17 17:59:27,303 - INFO - Generating cost figures...
2025-12-17 17:59:48,643 - INFO - Generating energy figures...
2025-12-17 18:00:36,457 - INFO - Generating energy dispatch figures...
2025-12-17 18:01:15,149 - INFO - Generating interconnection figures...
2025-12-17 18:01:27,277 - INFO - Generating interactive map figures...
2025-12-17 18:01:27,277 - INFO - Generating map for scenario baseline
2025-12-17 18:01:27,720 - INFO - Saved transmission capacity map: output\simulations_run_20251216_150832\img\6_maps\TransmissionCapacityMapEvolution_baseline.pdf
2025-12-17 18:01:28,135 - INFO - Saved transmission utilization map: output\simulations_run_20251216_150832\img\6_maps\TransmissionUtilizationMapEvolution_baseline.pdf
2025-12-17 18:01:46,721 - INFO - Saving interactive energy map to output\simulations_run_20251216_150832\img\6_maps\InteractiveMap_baseline_2025.html
2025-12-17 18:01:47,312 - INFO - Saved interactive map: output\simulations_run_20251216_150832\img\6_maps\InteractiveMap_baseline_2025.html
2025-12-17 18:02:07,941 - INFO - Saving interactive energy map to output\simulations_run_20251216_150832\img\6_maps\InteractiveMap_baseline_2030.html
2025-12-17 18:02:08,656 - INFO - Saved interactive map: output\simulations_run_20251216_150832\img\6_maps\InteractiveMap_baseline_2030.html
2025-12-17 18:02:29,719 - INFO - Saving interactive energy map to output\simulations_run_20251216_150832\img\6_maps\InteractiveMap_baseline_2035.html
2025-12-17 18:02:30,316 - INFO - Saved interactive map: output\simulations_run_20251216_150832\img\6_maps\InteractiveMap_baseline_2035.html
2025-12-17 18:02:30,316 - INFO - Postprocessing finished for output/simulations_run_20251216_150832
2025-12-17 18:02:30,380 - INFO - Postprocessing completed for folder: output/simulations_run_20251216_150832
